app/build/outputs/logs/manifest-merger-debug-report.txt
-- Merging decision tree log ---
manifest
ADDED from src\main\AndroidManifest.xml:2:1-73:12
	xmlns:android
		ADDED from src\main\AndroidManifest.xml:2:11-69
	package
		ADDED from src\main\AndroidManifest.xml:3:5-32
		INJECTED from src\main\AndroidManifest.xml
		INJECTED from src\main\AndroidManifest.xml
	android:versionName
		ADDED from src\main\AndroidManifest.xml:5:5-30
	android:versionCode
		ADDED from src\main\AndroidManifest.xml:4:5-28
		INJECTED from src\main\AndroidManifest.xml
		INJECTED from src\main\AndroidManifest.xml
uses-sdk
ADDED from src\main\AndroidManifest.xml:7:5-9:41
MERGED from [com.android.support:appcompat-v7:23.1.1] AndroidManifest.xml:20:5-43
MERGED from [com.android.support:support-v4:23.1.1] AndroidManifest.xml:20:5-43
MERGED from [com.android.support:design:23.1.1] AndroidManifest.xml:20:5-43
MERGED from [com.android.support:appcompat-v7:23.1.1] AndroidManifest.xml:20:5-43
MERGED from [com.android.support:support-v4:23.1.1] AndroidManifest.xml:20:5-43
MERGED from [com.android.support:recyclerview-v7:23.1.1] AndroidManifest.xml:20:5-43
MERGED from [com.android.support:support-v4:23.1.1] AndroidManifest.xml:20:5-43
MERGED from [com.android.support:support-v4:23.1.1] AndroidManifest.xml:20:5-43
MERGED from [com.mcxiaoke.volley:library-aar:1.0.0] AndroidManifest.xml:3:5-72
MERGED from [com.github.paolorotolo:appintro:3.3.0] AndroidManifest.xml:7:5-9:41
MERGED from [com.android.support:appcompat-v7:23.1.1] AndroidManifest.xml:20:5-43
MERGED from [com.android.support:support-v4:23.1.1] AndroidManifest.xml:20:5-43
MERGED from [com.android.support:support-v4:23.1.1] AndroidManifest.xml:20:5-43
MERGED from [com.paypal.sdk:paypal-android-sdk:2.12.5] AndroidManifest.xml:5:5-7:41
MERGED from [io.card:android-sdk:5.1.2] AndroidManifest.xml:7:5-9:41
	android:targetSdkVersion
		ADDED from src\main\AndroidManifest.xml:9:9-38
		INJECTED from src\main\AndroidManifest.xml
		INJECTED from src\main\AndroidManifest.xml
	android:minSdkVersion
		ADDED from src\main\AndroidManifest.xml:8:9-34
		INJECTED from src\main\AndroidManifest.xml
		INJECTED from src\main\AndroidManifest.xml
uses-permission#android.permission.INTERNET
ADDED from src\main\AndroidManifest.xml:11:5-67
MERGED from [com.paypal.sdk:paypal-android-sdk:2.12.5] AndroidManifest.xml:10:5-67
	android:name
		ADDED from src\main\AndroidManifest.xml:11:22-64
uses-permission#android.permission.SYSTEM_ALERT_WINDOW
ADDED from src\main\AndroidManifest.xml:12:5-78
	android:name
		ADDED from src\main\AndroidManifest.xml:12:22-75
uses-permission#android.permission.WRITE_EXTERNAL_STORAGE
ADDED from src\main\AndroidManifest.xml:13:5-81
	android:name
		ADDED from src\main\AndroidManifest.xml:13:22-78
uses-permission#android.permission.READ_PHONE_STATE
ADDED from src\main\AndroidManifest.xml:14:5-75
	android:name
		ADDED from src\main\AndroidManifest.xml:14:22-72
uses-permission#android.permission.READ_EXTERNAL_STORAGE
ADDED from src\main\AndroidManifest.xml:15:5-80
	android:name
		ADDED from src\main\AndroidManifest.xml:15:22-77
uses-permission#android.permission.ACCESS_NETWORK_STATE
ADDED from src\main\AndroidManifest.xml:16:5-79
MERGED from [com.paypal.sdk:paypal-android-sdk:2.12.5] AndroidManifest.xml:9:5-79
	android:name
		ADDED from src\main\AndroidManifest.xml:16:22-76
uses-permission#android.permission.RECORD_AUDIO
ADDED from src\main\AndroidManifest.xml:17:5-71
	android:name
		ADDED from src\main\AndroidManifest.xml:17:22-68
uses-permission#android.permission.CAPTURE_AUDIO_OUTPUT
ADDED from src\main\AndroidManifest.xml:18:5-79
	android:name
		ADDED from src\main\AndroidManifest.xml:18:22-76
application
ADDED from src\main\AndroidManifest.xml:20:5-71:19
MERGED from [com.android.support:appcompat-v7:23.1.1] AndroidManifest.xml:22:5-20
MERGED from [com.android.support:support-v4:23.1.1] AndroidManifest.xml:22:5-20
MERGED from [com.android.support:design:23.1.1] AndroidManifest.xml:22:5-20
MERGED from [com.android.support:appcompat-v7:23.1.1] AndroidManifest.xml:22:5-20
MERGED from [com.android.support:support-v4:23.1.1] AndroidManifest.xml:22:5-20
MERGED from [com.android.support:support-v4:23.1.1] AndroidManifest.xml:22:5-20
MERGED from [com.android.support:support-v4:23.1.1] AndroidManifest.xml:22:5-20
MERGED from [com.mcxiaoke.volley:library-aar:1.0.0] AndroidManifest.xml:5:5-19
MERGED from [com.android.support:appcompat-v7:23.1.1] AndroidManifest.xml:22:5-20
MERGED from [com.android.support:support-v4:23.1.1] AndroidManifest.xml:22:5-20
MERGED from [com.android.support:support-v4:23.1.1] AndroidManifest.xml:22:5-20
MERGED from [com.paypal.sdk:paypal-android-sdk:2.12.5] AndroidManifest.xml:12:5-26:19
MERGED from [io.card:android-sdk:5.1.2] AndroidManifest.xml:21:5-26:19
	android:label
		ADDED from src\main\AndroidManifest.xml:24:9-41
	android:allowBackup
		ADDED from src\main\AndroidManifest.xml:22:9-35
	android:icon
		ADDED from src\main\AndroidManifest.xml:23:9-45
	android:theme
		ADDED from src\main\AndroidManifest.xml:25:9-40
	android:name
		ADDED from src\main\AndroidManifest.xml:21:9-53
activity#com.jk0myn0.audio.InitialSplash
ADDED from src\main\AndroidManifest.xml:26:9-34:20
	android:theme
		ADDED from src\main\AndroidManifest.xml:28:13-66
	android:name
		ADDED from src\main\AndroidManifest.xml:27:13-42
intent-filter#android.intent.action.MAIN+android.intent.category.LAUNCHER
ADDED from src\main\AndroidManifest.xml:29:13-33:29
action#android.intent.action.MAIN
ADDED from src\main\AndroidManifest.xml:30:17-69
	android:name
		ADDED from src\main\AndroidManifest.xml:30:25-66
category#android.intent.category.LAUNCHER
ADDED from src\main\AndroidManifest.xml:32:17-77
	android:name
		ADDED from src\main\AndroidManifest.xml:32:27-74
activity#com.jk0myn0.audio.settings.SettingsActivity
ADDED from src\main\AndroidManifest.xml:35:9-38:47
	android:label
		ADDED from src\main\AndroidManifest.xml:37:13-37
	android:theme
		ADDED from src\main\AndroidManifest.xml:38:13-44
	android:name
		ADDED from src\main\AndroidManifest.xml:36:13-54
activity#com.jk0myn0.audio.knobify.LoginActivity
ADDED from src\main\AndroidManifest.xml:39:9-41:69
	android:theme
		ADDED from src\main\AndroidManifest.xml:41:13-66
	android:name
		ADDED from src\main\AndroidManifest.xml:40:13-50
activity#com.jk0myn0.audio.knobify.SignupActivity
ADDED from src\main\AndroidManifest.xml:42:9-44:69
	android:theme
		ADDED from src\main\AndroidManifest.xml:44:13-66
	android:name
		ADDED from src\main\AndroidManifest.xml:43:13-51
activity#com.jk0myn0.audio.knobify.LoggedSplash
ADDED from src\main\AndroidManifest.xml:45:9-58
	android:name
		ADDED from src\main\AndroidManifest.xml:45:19-55
activity#com.jk0myn0.audio.knobify.MainActivity
ADDED from src\main\AndroidManifest.xml:46:9-49:69
	android:label
		ADDED from src\main\AndroidManifest.xml:48:13-45
	android:theme
		ADDED from src\main\AndroidManifest.xml:49:13-66
	android:name
		ADDED from src\main\AndroidManifest.xml:47:13-49
activity#com.jk0myn0.audio.slider.FlowAnimation
ADDED from src\main\AndroidManifest.xml:50:9-52:69
	android:theme
		ADDED from src\main\AndroidManifest.xml:52:13-66
	android:name
		ADDED from src\main\AndroidManifest.xml:51:13-49
service#com.jk0myn0.audio.services.FloatingHeadService
ADDED from src\main\AndroidManifest.xml:54:9-57:39
	android:exported
		ADDED from src\main\AndroidManifest.xml:57:13-36
	android:enabled
		ADDED from src\main\AndroidManifest.xml:56:13-35
	android:name
		ADDED from src\main\AndroidManifest.xml:55:13-57
activity#com.jk0myn0.audio.equalizer.EqualizerActivity
ADDED from src\main\AndroidManifest.xml:59:9-62:47
	android:label
		ADDED from src\main\AndroidManifest.xml:61:13-61
	android:theme
		ADDED from src\main\AndroidManifest.xml:62:13-44
	android:name
		ADDED from src\main\AndroidManifest.xml:60:13-56
activity#com.jk0myn0.audio.knobify.SoundCloudActivity
ADDED from src\main\AndroidManifest.xml:63:9-66:68
	android:label
		ADDED from src\main\AndroidManifest.xml:65:13-63
	android:theme
		ADDED from src\main\AndroidManifest.xml:66:13-56
	android:name
		ADDED from src\main\AndroidManifest.xml:64:13-55
activity#com.jk0myn0.audio.record.SoundRecorderActivity
ADDED from src\main\AndroidManifest.xml:67:9-70:56
	android:label
		ADDED from src\main\AndroidManifest.xml:69:13-50
	android:theme
		ADDED from src\main\AndroidManifest.xml:70:13-44
	android:name
		ADDED from src\main\AndroidManifest.xml:68:13-57
activity#com.paypal.android.sdk.payments.PaymentActivity
ADDED from [com.paypal.sdk:paypal-android-sdk:2.12.5] AndroidManifest.xml:13:9-84
	android:name
		ADDED from [com.paypal.sdk:paypal-android-sdk:2.12.5] AndroidManifest.xml:13:19-81
activity#com.paypal.android.sdk.payments.PaymentMethodActivity
ADDED from [com.paypal.sdk:paypal-android-sdk:2.12.5] AndroidManifest.xml:14:9-90
	android:name
		ADDED from [com.paypal.sdk:paypal-android-sdk:2.12.5] AndroidManifest.xml:14:19-87
activity#com.paypal.android.sdk.payments.PaymentConfirmActivity
ADDED from [com.paypal.sdk:paypal-android-sdk:2.12.5] AndroidManifest.xml:15:9-91
	android:name
		ADDED from [com.paypal.sdk:paypal-android-sdk:2.12.5] AndroidManifest.xml:15:19-88
activity#com.paypal.android.sdk.payments.LoginActivity
ADDED from [com.paypal.sdk:paypal-android-sdk:2.12.5] AndroidManifest.xml:16:9-82
	android:name
		ADDED from [com.paypal.sdk:paypal-android-sdk:2.12.5] AndroidManifest.xml:16:19-79
activity#com.paypal.android.sdk.payments.PayPalFuturePaymentActivity
ADDED from [com.paypal.sdk:paypal-android-sdk:2.12.5] AndroidManifest.xml:17:9-96
	android:name
		ADDED from [com.paypal.sdk:paypal-android-sdk:2.12.5] AndroidManifest.xml:17:19-93
activity#com.paypal.android.sdk.payments.FuturePaymentConsentActivity
ADDED from [com.paypal.sdk:paypal-android-sdk:2.12.5] AndroidManifest.xml:18:9-97
	android:name
		ADDED from [com.paypal.sdk:paypal-android-sdk:2.12.5] AndroidManifest.xml:18:19-94
activity#com.paypal.android.sdk.payments.FuturePaymentInfoActivity
ADDED from [com.paypal.sdk:paypal-android-sdk:2.12.5] AndroidManifest.xml:19:9-94
	android:name
		ADDED from [com.paypal.sdk:paypal-android-sdk:2.12.5] AndroidManifest.xml:19:19-91
activity#com.paypal.android.sdk.payments.PayPalProfileSharingActivity
ADDED from [com.paypal.sdk:paypal-android-sdk:2.12.5] AndroidManifest.xml:20:9-97
	android:name
		ADDED from [com.paypal.sdk:paypal-android-sdk:2.12.5] AndroidManifest.xml:20:19-94
activity#com.paypal.android.sdk.payments.ProfileSharingConsentActivity
ADDED from [com.paypal.sdk:paypal-android-sdk:2.12.5] AndroidManifest.xml:21:9-98
	android:name
		ADDED from [com.paypal.sdk:paypal-android-sdk:2.12.5] AndroidManifest.xml:21:19-95
service#com.paypal.android.sdk.payments.PayPalService
ADDED from [com.paypal.sdk:paypal-android-sdk:2.12.5] AndroidManifest.xml:23:9-25:40
	android:exported
		ADDED from [com.paypal.sdk:paypal-android-sdk:2.12.5] AndroidManifest.xml:25:13-37
	android:name
		ADDED from [com.paypal.sdk:paypal-android-sdk:2.12.5] AndroidManifest.xml:24:13-73
uses-permission#android.permission.CAMERA
ADDED from [io.card:android-sdk:5.1.2] AndroidManifest.xml:11:5-65
	android:name
		ADDED from [io.card:android-sdk:5.1.2] AndroidManifest.xml:11:22-62
uses-permission#android.permission.VIBRATE
ADDED from [io.card:android-sdk:5.1.2] AndroidManifest.xml:12:5-66
	android:name
		ADDED from [io.card:android-sdk:5.1.2] AndroidManifest.xml:12:22-63
uses-feature#android.hardware.camera
ADDED from [io.card:android-sdk:5.1.2] AndroidManifest.xml:14:5-16:36
	android:required
		ADDED from [io.card:android-sdk:5.1.2] AndroidManifest.xml:16:9-33
	android:name
		ADDED from [io.card:android-sdk:5.1.2] AndroidManifest.xml:15:9-47
uses-feature#android.hardware.camera.autofocus
ADDED from [io.card:android-sdk:5.1.2] AndroidManifest.xml:17:5-19:36
	android:required
		ADDED from [io.card:android-sdk:5.1.2] AndroidManifest.xml:19:9-33
	android:name
		ADDED from [io.card:android-sdk:5.1.2] AndroidManifest.xml:18:9-57
activity#io.card.payment.CardIOActivity
ADDED from [io.card:android-sdk:5.1.2] AndroidManifest.xml:22:9-24:66
	android:configChanges
		ADDED from [io.card:android-sdk:5.1.2] AndroidManifest.xml:24:13-63
	android:name
		ADDED from [io.card:android-sdk:5.1.2] AndroidManifest.xml:23:13-58
activity#io.card.payment.DataEntryActivity
ADDED from [io.card:android-sdk:5.1.2] AndroidManifest.xml:25:9-70
	android:name
		ADDED from [io.card:android-sdk:5.1.2] AndroidManifest.xml:25:19-67